
=== Fri May 28 12:10:11 2021

Packages were changed.
Update Mode: mergeDefaultDependencies

The following packages were added:
  com.unity.postprocessing@2.3.0
  com.unity.progrids@3.0.3-preview.4

=== Sat May 29 13:03:53 2021

Packages were changed.
Update Mode: resetToDefaultDependencies

The following packages were updated:
  com.unity.textmeshpro from version 2.1.4 to 2.1.6
The following packages were removed:
  com.unity.2d.animation@3.2.6
  com.unity.2d.pixel-perfect@2.1.0
  com.unity.2d.psdimporter@2.1.6
  com.unity.2d.sprite@1.0.0
  com.unity.2d.spriteshape@3.0.15
  com.unity.2d.tilemap@1.0.0
  com.unity.postprocessing@2.3.0
  com.unity.progrids@3.0.3-preview.4
